<?xml version="1.0" encoding="UTF-8"?>
<testng-results skipped="0" failed="0" total="1" passed="1">
  <reporter-output>
  </reporter-output>
  <suite name="Suite" duration-ms="14111" started-at="2021-07-24T09:47:55Z" finished-at="2021-07-24T09:48:09Z">
    <groups>
    </groups>
    <test name="BankingApp_Test" duration-ms="14111" started-at="2021-07-24T09:47:55Z" finished-at="2021-07-24T09:48:09Z">
      <class name="com.inetbanking.testCases.TC_LoginTest_001">
        <test-method status="PASS" signature="setup(java.lang.String)[pri:0, instance:com.inetbanking.testCases.TC_LoginTest_001@6d4b1c02]" name="setup" is-config="true" duration-ms="10862" started-at="2021-07-24T15:17:55Z" finished-at="2021-07-24T15:18:06Z">
          <params>
            <param index="0">
              <value>
                <![CDATA[chrome]]>
              </value>
            </param>
          </params>
          <reporter-output>
          </reporter-output>
        </test-method> <!-- setup -->
        <test-method status="PASS" signature="loginTest()[pri:0, instance:com.inetbanking.testCases.TC_LoginTest_001@6d4b1c02]" name="loginTest" duration-ms="2278" started-at="2021-07-24T15:18:06Z" finished-at="2021-07-24T15:18:08Z">
          <reporter-output>
          </reporter-output>
        </test-method> <!-- loginTest -->
        <test-method status="PASS" signature="tearDown()[pri:0, instance:com.inetbanking.testCases.TC_LoginTest_001@6d4b1c02]" name="tearDown" is-config="true" duration-ms="761" started-at="2021-07-24T15:18:08Z" finished-at="2021-07-24T15:18:09Z">
          <reporter-output>
          </reporter-output>
        </test-method> <!-- tearDown -->
      </class> <!-- com.inetbanking.testCases.TC_LoginTest_001 -->
    </test> <!-- BankingApp_Test -->
  </suite> <!-- Suite -->
</testng-results>
